<?xml version="1.0" encoding="utf-8"?><testsuites name="pytest tests"><testsuite name="pytest" errors="0" failures="0" skipped="0" tests="17" time="3.087" timestamp="2026-08-07T03:12:05.741094+00:00" hostname="agent-env-068a5b50-8df5-46b8-8cc7-b1f1a82c913f"><testcase classname="tests.backend_test.TestApplications" name="test_list_demo_seeded" time="0.589" /><testcase classname="tests.backend_test.TestAuth" name="test_login_success" time="0.629" /><testcase classname="tests.backend_test.TestAuth" name="test_login_invalid" time="0.550" /><testcase classname="tests.backend_test.TestApplications" name="test_create_read_update_delete" time="1.005" /><testcase classname="tests.backend_test.TestAuth" name="test_register_and_me" time="0.360" /><testcase classname="tests.backend_test.TestAuth" name="test_register_duplicate_email" time="0.101" /><testcase classname="tests.backend_test.TestApplications" name="test_validation_missing_required" time="0.113" /><testcase classname="tests.backend_test.TestAuth" name="test_me_unauthenticated" time="0.106" /><testcase classname="tests.backend_test.TestApplications" name="test_unauth_applications" time="0.094" /><testcase classname="tests.backend_test.TestAuth" name="test_logout" time="0.527" /><testcase classname="tests.backend_test.TestBulkAndFollowUp" name="test_bulk_create_and_persist" time="0.378" /><testcase classname="tests.backend_test.TestBulkAndFollowUp" name="test_bulk_validation_error" time="0.045" /><testcase classname="tests.backend_test.TestBulkAndFollowUp" name="test_bulk_unauth" time="0.116" /><testcase classname="tests.backend_test.TestAnalytics" name="test_demo_analytics" time="0.042" /><testcase classname="tests.backend_test.TestAnalytics" name="test_analytics_reflects_new_data" time="0.251" /><testcase classname="tests.backend_test.TestBulkAndFollowUp" name="test_demo_has_followup_dates" time="0.043" /><testcase classname="tests.backend_test.TestIsolation" name="test_user_scope" time="0.139" /></testsuite></testsuites>