<?xml version="1.0" encoding="utf-8"?><testsuites name="pytest tests"><testsuite name="pytest" errors="0" failures="1" skipped="0" tests="13" time="3.053" timestamp="2026-08-07T01:33:48.688006+00:00" hostname="agent-env-068a5b50-8df5-46b8-8cc7-b1f1a82c913f"><testcase classname="tests.backend_test.TestApplications" name="test_list_demo_seeded" time="0.698" /><testcase classname="tests.backend_test.TestAuth" name="test_login_success" time="0.754" /><testcase classname="tests.backend_test.TestAuth" name="test_login_invalid" time="0.499" /><testcase classname="tests.backend_test.TestApplications" name="test_create_read_update_delete" time="1.020" /><testcase classname="tests.backend_test.TestAuth" name="test_register_and_me" time="0.486"><failure message="AssertionError: assert 'test_4a18727c@example.com' == 'TEST_4a18727c@example.com'&#10;  &#10;  - TEST_4a18727c@example.com&#10;  ? ^^^^&#10;  + test_4a18727c@example.com&#10;  ? ^^^^">backend/tests/backend_test.py:58: in test_register_and_me
    assert r.json()["email"] == new_user_session._email
E   AssertionError: assert 'test_4a18727c@example.com' == 'TEST_4a18727c@example.com'
E     
E     - TEST_4a18727c@example.com
E     ? ^^^^
E     + test_4a18727c@example.com
E     ? ^^^^</failure></testcase><testcase classname="tests.backend_test.TestApplications" name="test_validation_missing_required" time="0.088" /><testcase classname="tests.backend_test.TestAuth" name="test_register_duplicate_email" time="0.100" /><testcase classname="tests.backend_test.TestApplications" name="test_unauth_applications" time="0.129" /><testcase classname="tests.backend_test.TestAuth" name="test_me_unauthenticated" time="0.096" /><testcase classname="tests.backend_test.TestAnalytics" name="test_demo_analytics" time="0.049" /><testcase classname="tests.backend_test.TestAuth" name="test_logout" time="0.420" /><testcase classname="tests.backend_test.TestAnalytics" name="test_analytics_reflects_new_data" time="0.427" /><testcase classname="tests.backend_test.TestIsolation" name="test_user_scope" time="0.144" /></testsuite></testsuites>